<?xml version="1.0" encoding="UTF-8"?>
<testsuite xmlns:xsi="http://www.w3.org/2001/XMLSchema-instance" xsi:noNamespaceSchemaLocation="https://maven.apache.org/surefire/maven-surefire-plugin/xsd/surefire-test-report-3.0.xsd" version="3.0" name="com.ada.SpaPetProjeto.controllers.OrderControllerIntegrationTest" time="0.947" tests="8" errors="0" skipped="0" failures="0">
  <properties>
[...]
</properties>
  <testcase name="test_order_with_all_the_information_should_be_save" classname="com.ada.SpaPetProjeto.controllers.OrderControllerIntegrationTest" time="0.026">
    <system-out><![CDATA[2023-12-16T09:21:47.591-03:00  INFO 9680 --- [           main] t.c.s.AnnotationConfigContextLoaderUtils : Could not detect default configuration classes for test class [com.ada.SpaPetProjeto.controllers.OrderControllerIntegrationTest]: OrderControllerIntegrationTest does not declare any static, non-private, non-final, nested classes annotated with @Configuration.
2023-12-16T09:21:47.596-03:00  INFO 9680 --- [           main] .b.t.c.SpringBootTestContextBootstrapper : Found @SpringBootConfiguration com.ada.SpaPetProjeto.SpaPetProjetoApplication for test class com.ada.SpaPetProjeto.controllers.OrderControllerIntegrationTest

  .   ____          _            __ _ _
 /\\ / ___'_ __ _ _(_)_ __  __ _ \ \ \ \
( ( )\___ | '_ | '_| | '_ \/ _` | \ \ \ \
 \\/  ___)| |_)| | | | | || (_| |  ) ) ) )
  '  |____| .__|_| |_|_| |_\__, | / / / /
 =========|_|==============|___/=/_/_/_/
 :: Spring Boot ::                (v3.1.4)

2023-12-16T09:21:47.621-03:00  INFO 9680 --- [           main] c.a.S.c.OrderControllerIntegrationTest   : Starting OrderControllerIntegrationTest using Java 20.0.1 with PID 9680 (started by jeeal in D:\jeeal\Documents\CURSOS\CT BTG\SpaPetTest\SpaPetTest)
2023-12-16T09:21:47.621-03:00  INFO 9680 --- [           main] c.a.S.c.OrderControllerIntegrationTest   : No active profile set, falling back to 1 default profile: "default"
2023-12-16T09:21:47.863-03:00  INFO 9680 --- [           main] .s.d.r.c.RepositoryConfigurationDelegate : Bootstrapping Spring Data JPA repositories in DEFAULT mode.
2023-12-16T09:21:47.884-03:00  INFO 9680 --- [           main] .s.d.r.c.RepositoryConfigurationDelegate : Finished Spring Data repository scanning in 19 ms. Found 4 JPA repository interfaces.
2023-12-16T09:21:48.039-03:00  INFO 9680 --- [           main] o.hibernate.jpa.internal.util.LogHelper  : HHH000204: Processing PersistenceUnitInfo [name: default]
2023-12-16T09:21:48.045-03:00  INFO 9680 --- [           main] o.h.b.i.BytecodeProviderInitiator        : HHH000021: Bytecode provider name : bytebuddy
2023-12-16T09:21:48.045-03:00  INFO 9680 --- [           main] o.s.o.j.p.SpringPersistenceUnitInfo      : No LoadTimeWeaver setup: ignoring JPA class transformer
2023-12-16T09:21:48.046-03:00  INFO 9680 --- [           main] com.zaxxer.hikari.HikariDataSource       : HikariPool-2 - Starting...
2023-12-16T09:21:48.047-03:00  INFO 9680 --- [           main] com.zaxxer.hikari.pool.HikariPool        : HikariPool-2 - Added connection conn10: url=jdbc:h2:mem:testdb user=SA
2023-12-16T09:21:48.047-03:00  INFO 9680 --- [           main] com.zaxxer.hikari.HikariDataSource       : HikariPool-2 - Start completed.
2023-12-16T09:21:48.070-03:00  INFO 9680 --- [           main] o.h.b.i.BytecodeProviderInitiator        : HHH000021: Bytecode provider name : bytebuddy
2023-12-16T09:21:48.172-03:00  INFO 9680 --- [           main] o.h.e.t.j.p.i.JtaPlatformInitiator       : HHH000490: Using JtaPlatform implementation: [org.hibernate.engine.transaction.jta.platform.internal.NoJtaPlatform]
2023-12-16T09:21:48.194-03:00  INFO 9680 --- [           main] j.LocalContainerEntityManagerFactoryBean : Initialized JPA EntityManagerFactory for persistence unit 'default'
2023-12-16T09:21:48.281-03:00  WARN 9680 --- [           main] JpaBaseConfiguration$JpaWebConfiguration : spring.jpa.open-in-view is enabled by default. Therefore, database queries may be performed during view rendering. Explicitly configure spring.jpa.open-in-view to disable this warning
2023-12-16T09:21:48.346-03:00  INFO 9680 --- [           main] o.s.s.web.DefaultSecurityFilterChain     : Will secure any request with [org.springframework.security.web.session.DisableEncodeUrlFilter@6e65e46b, org.springframework.security.web.context.request.async.WebAsyncManagerIntegrationFilter@38a43698, org.springframework.security.web.context.SecurityContextHolderFilter@514e2aa9, org.springframework.security.web.header.HeaderWriterFilter@6b374f4c, org.springframework.security.web.authentication.logout.LogoutFilter@7114f077, com.ada.SpaPetProjeto.infra.security.SecurityFilter@3b688205, org.springframework.security.web.savedrequest.RequestCacheAwareFilter@525b7b16, org.springframework.security.web.servletapi.SecurityContextHolderAwareRequestFilter@347133e, org.springframework.security.web.authentication.AnonymousAuthenticationFilter@3503fde2, org.springframework.security.web.session.SessionManagementFilter@3ead82f5, org.springframework.security.web.access.ExceptionTranslationFilter@67bc854b, org.springframework.security.web.access.intercept.AuthorizationFilter@43fb9456]
2023-12-16T09:21:48.444-03:00  INFO 9680 --- [           main] o.s.b.t.m.w.SpringBootMockServletContext : Initializing Spring TestDispatcherServlet ''
2023-12-16T09:21:48.444-03:00  INFO 9680 --- [           main] o.s.t.web.servlet.TestDispatcherServlet  : Initializing Servlet ''
2023-12-16T09:21:48.445-03:00  INFO 9680 --- [           main] o.s.t.web.servlet.TestDispatcherServlet  : Completed initialization in 0 ms
2023-12-16T09:21:48.456-03:00  INFO 9680 --- [           main] c.a.S.c.OrderControllerIntegrationTest   : Started OrderControllerIntegrationTest in 0.855 seconds (process running for 12.751)
]]></system-out>
  </testcase>
  <testcase name="test_get_all_orders" classname="com.ada.SpaPetProjeto.controllers.OrderControllerIntegrationTest" time="0.014"/>
  <testcase name="test_delete_order_by_id" classname="com.ada.SpaPetProjeto.controllers.OrderControllerIntegrationTest" time="0.006"/>
  <testcase name="test_update_order_by_id" classname="com.ada.SpaPetProjeto.controllers.OrderControllerIntegrationTest" time="0.005">
    <system-out><![CDATA[2023-12-16T09:21:48.511-03:00  WARN 9680 --- [           main] .w.s.m.s.DefaultHandlerExceptionResolver : Resolved [org.springframework.http.converter.HttpMessageNotReadableException: JSON parse error: Cannot deserialize value of type `java.util.ArrayList<java.lang.Integer>` from Integer value (token `JsonToken.VALUE_NUMBER_INT`)]
]]></system-out>
  </testcase>
  <testcase name="test_not_possible_to_validate_order_without_total_price" classname="com.ada.SpaPetProjeto.controllers.OrderControllerIntegrationTest" time="0.004">
    <system-out><![CDATA[2023-12-16T09:21:48.516-03:00  WARN 9680 --- [           main] .w.s.m.s.DefaultHandlerExceptionResolver : Resolved [org.springframework.http.converter.HttpMessageNotReadableException: JSON parse error: Unexpected character ('(' (code 40)): expected a valid value (JSON String, Number, Array, Object or token 'null', 'true' or 'false')]
]]></system-out>
  </testcase>
  <testcase name="test_not_possible_to_validate_order_without_customerId" classname="com.ada.SpaPetProjeto.controllers.OrderControllerIntegrationTest" time="0.005">
    <system-out><![CDATA[2023-12-16T09:21:48.522-03:00  WARN 9680 --- [           main] .w.s.m.s.DefaultHandlerExceptionResolver : Resolved [org.springframework.http.converter.HttpMessageNotReadableException: JSON parse error: Unexpected character ('(' (code 40)): expected a valid value (JSON String, Number, Array, Object or token 'null', 'true' or 'false')]
]]></system-out>
  </testcase>
  <testcase name="test_not_possible_to_validate_order_without_serviceId" classname="com.ada.SpaPetProjeto.controllers.OrderControllerIntegrationTest" time="0.005">
    <system-out><![CDATA[2023-12-16T09:21:48.528-03:00  WARN 9680 --- [           main] .w.s.m.s.DefaultHandlerExceptionResolver : Resolved [org.springframework.http.converter.HttpMessageNotReadableException: JSON parse error: Unexpected character ('(' (code 40)): expected a valid value (JSON String, Number, Array, Object or token 'null', 'true' or 'false')]
]]></system-out>
  </testcase>
  <testcase name="test_get_order_by_id" classname="com.ada.SpaPetProjeto.controllers.OrderControllerIntegrationTest" time="0.005"/>
</testsuite>