<?xml version="1.0" encoding="UTF-8"?>
<testsuite xmlns:xsi="http://www.w3.org/2001/XMLSchema-instance" xsi:noNamespaceSchemaLocation="https://maven.apache.org/surefire/maven-surefire-plugin/xsd/surefire-test-report-3.0.xsd" version="3.0" name="com.ada.SpaPetProjeto.controllers.OrderControllerIntegrationTest" time="1.394" tests="7" errors="0" skipped="0" failures="0">
  <properties>
[...]
</properties>
  <testcase name="not_possible_to_validate_order_without_totalprice" classname="com.ada.SpaPetProjeto.controllers.OrderControllerIntegrationTest" time="0.017">
    <system-out><![CDATA[2023-12-14T21:00:14.618-03:00  INFO 27432 --- [           main] t.c.s.AnnotationConfigContextLoaderUtils : Could not detect default configuration classes for test class [com.ada.SpaPetProjeto.controllers.OrderControllerIntegrationTest]: OrderControllerIntegrationTest does not declare any static, non-private, non-final, nested classes annotated with @Configuration.
2023-12-14T21:00:14.630-03:00  INFO 27432 --- [           main] .b.t.c.SpringBootTestContextBootstrapper : Found @SpringBootConfiguration com.ada.SpaPetProjeto.SpaPetProjetoApplication for test class com.ada.SpaPetProjeto.controllers.OrderControllerIntegrationTest

  .   ____          _            __ _ _
 /\\ / ___'_ __ _ _(_)_ __  __ _ \ \ \ \
( ( )\___ | '_ | '_| | '_ \/ _` | \ \ \ \
 \\/  ___)| |_)| | | | | || (_| |  ) ) ) )
  '  |____| .__|_| |_|_| |_\__, | / / / /
 =========|_|==============|___/=/_/_/_/
 :: Spring Boot ::                (v3.1.4)

2023-12-14T21:00:14.692-03:00  INFO 27432 --- [           main] c.a.S.c.OrderControllerIntegrationTest   : Starting OrderControllerIntegrationTest using Java 20.0.2 with PID 27432 (started by Luciana in C:\Users\mitbu\Documents\ProjBTG\Modulo 6 - teste\SpaPetTest)
2023-12-14T21:00:14.692-03:00  INFO 27432 --- [           main] c.a.S.c.OrderControllerIntegrationTest   : No active profile set, falling back to 1 default profile: "default"
2023-12-14T21:00:15.064-03:00  INFO 27432 --- [           main] .s.d.r.c.RepositoryConfigurationDelegate : Bootstrapping Spring Data JPA repositories in DEFAULT mode.
2023-12-14T21:00:15.089-03:00  INFO 27432 --- [           main] .s.d.r.c.RepositoryConfigurationDelegate : Finished Spring Data repository scanning in 24 ms. Found 4 JPA repository interfaces.
2023-12-14T21:00:15.291-03:00  INFO 27432 --- [           main] o.hibernate.jpa.internal.util.LogHelper  : HHH000204: Processing PersistenceUnitInfo [name: default]
2023-12-14T21:00:15.307-03:00  INFO 27432 --- [           main] o.h.b.i.BytecodeProviderInitiator        : HHH000021: Bytecode provider name : bytebuddy
2023-12-14T21:00:15.307-03:00  INFO 27432 --- [           main] o.s.o.j.p.SpringPersistenceUnitInfo      : No LoadTimeWeaver setup: ignoring JPA class transformer
2023-12-14T21:00:15.309-03:00  INFO 27432 --- [           main] com.zaxxer.hikari.HikariDataSource       : HikariPool-2 - Starting...
2023-12-14T21:00:15.310-03:00  INFO 27432 --- [           main] com.zaxxer.hikari.pool.HikariPool        : HikariPool-2 - Added connection conn10: url=jdbc:h2:mem:testdb user=SA
2023-12-14T21:00:15.310-03:00  INFO 27432 --- [           main] com.zaxxer.hikari.HikariDataSource       : HikariPool-2 - Start completed.
2023-12-14T21:00:15.340-03:00  INFO 27432 --- [           main] o.h.b.i.BytecodeProviderInitiator        : HHH000021: Bytecode provider name : bytebuddy
2023-12-14T21:00:15.483-03:00  INFO 27432 --- [           main] o.h.e.t.j.p.i.JtaPlatformInitiator       : HHH000490: Using JtaPlatform implementation: [org.hibernate.engine.transaction.jta.platform.internal.NoJtaPlatform]
2023-12-14T21:00:15.507-03:00  INFO 27432 --- [           main] j.LocalContainerEntityManagerFactoryBean : Initialized JPA EntityManagerFactory for persistence unit 'default'
2023-12-14T21:00:15.669-03:00  WARN 27432 --- [           main] JpaBaseConfiguration$JpaWebConfiguration : spring.jpa.open-in-view is enabled by default. Therefore, database queries may be performed during view rendering. Explicitly configure spring.jpa.open-in-view to disable this warning
2023-12-14T21:00:15.764-03:00  INFO 27432 --- [           main] o.s.s.web.DefaultSecurityFilterChain     : Will secure any request with [org.springframework.security.web.session.DisableEncodeUrlFilter@6e09d429, org.springframework.security.web.context.request.async.WebAsyncManagerIntegrationFilter@52b70ee6, org.springframework.security.web.context.SecurityContextHolderFilter@4a240404, org.springframework.security.web.header.HeaderWriterFilter@666534a7, org.springframework.security.web.authentication.logout.LogoutFilter@78e88d5b, com.ada.SpaPetProjeto.infra.security.SecurityFilter@3f8d3e3f, org.springframework.security.web.savedrequest.RequestCacheAwareFilter@625c7f2c, org.springframework.security.web.servletapi.SecurityContextHolderAwareRequestFilter@2d53bfcc, org.springframework.security.web.authentication.AnonymousAuthenticationFilter@4a209b55, org.springframework.security.web.session.SessionManagementFilter@24136f22, org.springframework.security.web.access.ExceptionTranslationFilter@1ac642de, org.springframework.security.web.access.intercept.AuthorizationFilter@4951555f]
2023-12-14T21:00:15.882-03:00  INFO 27432 --- [           main] o.s.b.t.m.w.SpringBootMockServletContext : Initializing Spring TestDispatcherServlet ''
2023-12-14T21:00:15.882-03:00  INFO 27432 --- [           main] o.s.t.web.servlet.TestDispatcherServlet  : Initializing Servlet ''
2023-12-14T21:00:15.883-03:00  INFO 27432 --- [           main] o.s.t.web.servlet.TestDispatcherServlet  : Completed initialization in 1 ms
2023-12-14T21:00:15.891-03:00  INFO 27432 --- [           main] c.a.S.c.OrderControllerIntegrationTest   : Started OrderControllerIntegrationTest in 1.252 seconds (process running for 17.251)
2023-12-14T21:00:15.909-03:00  WARN 27432 --- [           main] .w.s.m.s.DefaultHandlerExceptionResolver : Resolved [org.springframework.http.converter.HttpMessageNotReadableException: JSON parse error: Unexpected character ('(' (code 40)): expected a valid value (JSON String, Number, Array, Object or token 'null', 'true' or 'false')]
]]></system-out>
  </testcase>
  <testcase name="list_all_orders" classname="com.ada.SpaPetProjeto.controllers.OrderControllerIntegrationTest" time="0.028"/>
  <testcase name="list_order_by_id" classname="com.ada.SpaPetProjeto.controllers.OrderControllerIntegrationTest" time="0.013"/>
  <testcase name="delete_order_by_id" classname="com.ada.SpaPetProjeto.controllers.OrderControllerIntegrationTest" time="0.011"/>
  <testcase name="order_with_all_the_information_should_be_save" classname="com.ada.SpaPetProjeto.controllers.OrderControllerIntegrationTest" time="0.015"/>
  <testcase name="not_possible_to_validate_order_without_serviceId" classname="com.ada.SpaPetProjeto.controllers.OrderControllerIntegrationTest" time="0.008">
    <system-out><![CDATA[2023-12-14T21:00:15.993-03:00  WARN 27432 --- [           main] .w.s.m.s.DefaultHandlerExceptionResolver : Resolved [org.springframework.http.converter.HttpMessageNotReadableException: JSON parse error: Unexpected character ('(' (code 40)): expected a valid value (JSON String, Number, Array, Object or token 'null', 'true' or 'false')]
]]></system-out>
  </testcase>
  <testcase name="not_possible_to_validate_order_without_customerId" classname="com.ada.SpaPetProjeto.controllers.OrderControllerIntegrationTest" time="0.011">
    <system-out><![CDATA[2023-12-14T21:00:16.005-03:00  WARN 27432 --- [           main] .w.s.m.s.DefaultHandlerExceptionResolver : Resolved [org.springframework.http.converter.HttpMessageNotReadableException: JSON parse error: Unexpected character ('(' (code 40)): expected a valid value (JSON String, Number, Array, Object or token 'null', 'true' or 'false')]
]]></system-out>
  </testcase>
</testsuite>