<?xml version="1.0" encoding="UTF-8"?>
<testsuite xmlns:xsi="http://www.w3.org/2001/XMLSchema-instance" xsi:noNamespaceSchemaLocation="https://maven.apache.org/surefire/maven-surefire-plugin/xsd/surefire-test-report-3.0.xsd" version="3.0" name="com.ada.SpaPetProjeto.controllers.CustomerControllerIntegrationTest" time="11.277" tests="8" errors="0" skipped="0" failures="0">
  <properties>
[...]
</properties>
  <testcase name="list_customer_by_id" classname="com.ada.SpaPetProjeto.controllers.CustomerControllerIntegrationTest" time="0.315">
    <system-out><![CDATA[17:16:55.789 [main] INFO org.springframework.test.context.support.AnnotationConfigContextLoaderUtils -- Could not detect default configuration classes for test class [com.ada.SpaPetProjeto.controllers.CustomerControllerIntegrationTest]: CustomerControllerIntegrationTest does not declare any static, non-private, non-final, nested classes annotated with @Configuration.
17:16:56.031 [main] INFO org.springframework.boot.test.context.SpringBootTestContextBootstrapper -- Found @SpringBootConfiguration com.ada.SpaPetProjeto.SpaPetProjetoApplication for test class com.ada.SpaPetProjeto.controllers.CustomerControllerIntegrationTest

  .   ____          _            __ _ _
 /\\ / ___'_ __ _ _(_)_ __  __ _ \ \ \ \
( ( )\___ | '_ | '_| | '_ \/ _` | \ \ \ \
 \\/  ___)| |_)| | | | | || (_| |  ) ) ) )
  '  |____| .__|_| |_|_| |_\__, | / / / /
 =========|_|==============|___/=/_/_/_/
 :: Spring Boot ::                (v3.1.4)

2023-12-14T17:16:56.833-03:00  INFO 13188 --- [           main] .a.S.c.CustomerControllerIntegrationTest : Starting CustomerControllerIntegrationTest using Java 20.0.1 with PID 13188 (started by jeeal in D:\jeeal\Documents\CURSOS\CT BTG\SpaPetTest)
2023-12-14T17:16:56.836-03:00  INFO 13188 --- [           main] .a.S.c.CustomerControllerIntegrationTest : No active profile set, falling back to 1 default profile: "default"
2023-12-14T17:16:58.068-03:00  INFO 13188 --- [           main] .s.d.r.c.RepositoryConfigurationDelegate : Bootstrapping Spring Data JPA repositories in DEFAULT mode.
2023-12-14T17:16:58.178-03:00  INFO 13188 --- [           main] .s.d.r.c.RepositoryConfigurationDelegate : Finished Spring Data repository scanning in 87 ms. Found 4 JPA repository interfaces.
2023-12-14T17:17:00.683-03:00  INFO 13188 --- [           main] o.hibernate.jpa.internal.util.LogHelper  : HHH000204: Processing PersistenceUnitInfo [name: default]
2023-12-14T17:17:00.848-03:00  INFO 13188 --- [           main] org.hibernate.Version                    : HHH000412: Hibernate ORM core version 6.2.9.Final
2023-12-14T17:17:00.853-03:00  INFO 13188 --- [           main] org.hibernate.cfg.Environment            : HHH000406: Using bytecode reflection optimizer
2023-12-14T17:17:01.214-03:00  INFO 13188 --- [           main] o.h.b.i.BytecodeProviderInitiator        : HHH000021: Bytecode provider name : bytebuddy
2023-12-14T17:17:01.240-03:00  INFO 13188 --- [           main] o.s.o.j.p.SpringPersistenceUnitInfo      : No LoadTimeWeaver setup: ignoring JPA class transformer
2023-12-14T17:17:01.289-03:00  INFO 13188 --- [           main] com.zaxxer.hikari.HikariDataSource       : HikariPool-1 - Starting...
2023-12-14T17:17:01.856-03:00  INFO 13188 --- [           main] com.zaxxer.hikari.pool.HikariPool        : HikariPool-1 - Added connection conn0: url=jdbc:h2:mem:testdb user=SA
2023-12-14T17:17:01.859-03:00  INFO 13188 --- [           main] com.zaxxer.hikari.HikariDataSource       : HikariPool-1 - Start completed.
2023-12-14T17:17:02.485-03:00  INFO 13188 --- [           main] o.h.b.i.BytecodeProviderInitiator        : HHH000021: Bytecode provider name : bytebuddy
2023-12-14T17:17:03.872-03:00  INFO 13188 --- [           main] o.h.e.t.j.p.i.JtaPlatformInitiator       : HHH000490: Using JtaPlatform implementation: [org.hibernate.engine.transaction.jta.platform.internal.NoJtaPlatform]
2023-12-14T17:17:04.021-03:00  INFO 13188 --- [           main] j.LocalContainerEntityManagerFactoryBean : Initialized JPA EntityManagerFactory for persistence unit 'default'
2023-12-14T17:17:04.956-03:00  WARN 13188 --- [           main] JpaBaseConfiguration$JpaWebConfiguration : spring.jpa.open-in-view is enabled by default. Therefore, database queries may be performed during view rendering. Explicitly configure spring.jpa.open-in-view to disable this warning
2023-12-14T17:17:05.481-03:00  INFO 13188 --- [           main] o.s.s.web.DefaultSecurityFilterChain     : Will secure any request with [org.springframework.security.web.session.DisableEncodeUrlFilter@4b378607, org.springframework.security.web.context.request.async.WebAsyncManagerIntegrationFilter@62df22d5, org.springframework.security.web.context.SecurityContextHolderFilter@6dfb7c1a, org.springframework.security.web.header.HeaderWriterFilter@36beccf, org.springframework.security.web.authentication.logout.LogoutFilter@7f14dc05, com.ada.SpaPetProjeto.infra.security.SecurityFilter@3f763565, org.springframework.security.web.savedrequest.RequestCacheAwareFilter@3a313dfe, org.springframework.security.web.servletapi.SecurityContextHolderAwareRequestFilter@16088b32, org.springframework.security.web.authentication.AnonymousAuthenticationFilter@7a80c5b3, org.springframework.security.web.session.SessionManagementFilter@d6fc3bf, org.springframework.security.web.access.ExceptionTranslationFilter@728bad40, org.springframework.security.web.access.intercept.AuthorizationFilter@25e7a411]
2023-12-14T17:17:06.047-03:00  INFO 13188 --- [           main] o.s.b.t.m.w.SpringBootMockServletContext : Initializing Spring TestDispatcherServlet ''
2023-12-14T17:17:06.048-03:00  INFO 13188 --- [           main] o.s.t.web.servlet.TestDispatcherServlet  : Initializing Servlet ''
2023-12-14T17:17:06.049-03:00  INFO 13188 --- [           main] o.s.t.web.servlet.TestDispatcherServlet  : Completed initialization in 1 ms
2023-12-14T17:17:06.072-03:00  INFO 13188 --- [           main] .a.S.c.CustomerControllerIntegrationTest : Started CustomerControllerIntegrationTest in 9.728 seconds (process running for 11.706)
]]></system-out>
  </testcase>
  <testcase name="customer_with_all_the_information_should_be_saved" classname="com.ada.SpaPetProjeto.controllers.CustomerControllerIntegrationTest" time="0.178">
    <system-out><![CDATA[
MockHttpServletRequest:
      HTTP Method = POST
      Request URI = /customer/add
       Parameters = {}
          Headers = [Content-Type:"application/json;charset=UTF-8", Accept:"application/json", Content-Length:"82"]
             Body = {
    "name": "Teste",
    "email":"teste@teste.com",
    "password":"12345678"
}

    Session Attrs = {}

Handler:
             Type = com.ada.SpaPetProjeto.controller.CustomerController
           Method = com.ada.SpaPetProjeto.controller.CustomerController#saveCustomer(CustomerRequest)

Async:
    Async started = false
     Async result = null

Resolved Exception:
             Type = null

ModelAndView:
        View name = null
             View = null
            Model = null

FlashMap:
       Attributes = null

MockHttpServletResponse:
           Status = 201
    Error message = null
          Headers = [Location:"/customer/add1", Content-Type:"application/json", X-Content-Type-Options:"nosniff", X-XSS-Protection:"0", Cache-Control:"no-cache, no-store, max-age=0, must-revalidate", Pragma:"no-cache", Expires:"0", X-Frame-Options:"DENY"]
     Content type = application/json
             Body = {"id":1,"name":null,"email":null}
    Forwarded URL = null
   Redirected URL = /customer/add1
          Cookies = []
]]></system-out>
  </testcase>
  <testcase name="not_possible_to_validate_customer_whithout_password" classname="com.ada.SpaPetProjeto.controllers.CustomerControllerIntegrationTest" time="0.014">
    <system-out><![CDATA[2023-12-14T17:17:06.620-03:00  WARN 13188 --- [           main] .w.s.m.s.DefaultHandlerExceptionResolver : Resolved [org.springframework.http.converter.HttpMessageNotReadableException: JSON parse error: Unexpected character ('}' (code 125)): was expecting double-quote to start field name]
]]></system-out>
  </testcase>
  <testcase name="delete_customer_by_id" classname="com.ada.SpaPetProjeto.controllers.CustomerControllerIntegrationTest" time="0.012"/>
  <testcase name="update_customer_by_id" classname="com.ada.SpaPetProjeto.controllers.CustomerControllerIntegrationTest" time="0.008"/>
  <testcase name="list_all_customers" classname="com.ada.SpaPetProjeto.controllers.CustomerControllerIntegrationTest" time="0.009"/>
  <testcase name="not_possible_to_validate_customer_whithout_name" classname="com.ada.SpaPetProjeto.controllers.CustomerControllerIntegrationTest" time="0.01">
    <system-out><![CDATA[2023-12-14T17:17:06.663-03:00  WARN 13188 --- [           main] .w.s.m.s.DefaultHandlerExceptionResolver : Resolved [org.springframework.http.converter.HttpMessageNotReadableException: JSON parse error: Cannot deserialize value of type `java.lang.String` from Array value (token `JsonToken.START_ARRAY`)]
]]></system-out>
  </testcase>
  <testcase name="not_possible_to_validate_customer_whithout_email" classname="com.ada.SpaPetProjeto.controllers.CustomerControllerIntegrationTest" time="0.006">
    <system-out><![CDATA[2023-12-14T17:17:06.671-03:00  WARN 13188 --- [           main] .w.s.m.s.DefaultHandlerExceptionResolver : Resolved [org.springframework.http.converter.HttpMessageNotReadableException: JSON parse error: Unexpected character ('}' (code 125)): was expecting double-quote to start field name]
]]></system-out>
  </testcase>
</testsuite>