<?xml version="1.0" encoding="UTF-8"?>
<testsuite xmlns:xsi="http://www.w3.org/2001/XMLSchema-instance" xsi:noNamespaceSchemaLocation="https://maven.apache.org/surefire/maven-surefire-plugin/xsd/surefire-test-report-3.0.xsd" version="3.0" name="com.ada.SpaPetProjeto.SpaPetProjetoApplicationTests" time="0.485" tests="1" errors="0" skipped="0" failures="0">
  <properties>
[...]
</properties>
  <testcase name="contextLoads" classname="com.ada.SpaPetProjeto.SpaPetProjetoApplicationTests" time="0.002">
    <system-out><![CDATA[2023-12-16T09:21:50.591-03:00  INFO 9680 --- [           main] t.c.s.AnnotationConfigContextLoaderUtils : Could not detect default configuration classes for test class [com.ada.SpaPetProjeto.SpaPetProjetoApplicationTests]: SpaPetProjetoApplicationTests does not declare any static, non-private, non-final, nested classes annotated with @Configuration.
2023-12-16T09:21:50.598-03:00  INFO 9680 --- [           main] .b.t.c.SpringBootTestContextBootstrapper : Found @SpringBootConfiguration com.ada.SpaPetProjeto.SpaPetProjetoApplication for test class com.ada.SpaPetProjeto.SpaPetProjetoApplicationTests

  .   ____          _            __ _ _
 /\\ / ___'_ __ _ _(_)_ __  __ _ \ \ \ \
( ( )\___ | '_ | '_| | '_ \/ _` | \ \ \ \
 \\/  ___)| |_)| | | | | || (_| |  ) ) ) )
  '  |____| .__|_| |_|_| |_\__, | / / / /
 =========|_|==============|___/=/_/_/_/
 :: Spring Boot ::                (v3.1.4)

2023-12-16T09:21:50.617-03:00  INFO 9680 --- [           main] c.a.S.SpaPetProjetoApplicationTests      : Starting SpaPetProjetoApplicationTests using Java 20.0.1 with PID 9680 (started by jeeal in D:\jeeal\Documents\CURSOS\CT BTG\SpaPetTest\SpaPetTest)
2023-12-16T09:21:50.617-03:00  INFO 9680 --- [           main] c.a.S.SpaPetProjetoApplicationTests      : No active profile set, falling back to 1 default profile: "default"
2023-12-16T09:21:50.757-03:00  INFO 9680 --- [           main] .s.d.r.c.RepositoryConfigurationDelegate : Bootstrapping Spring Data JPA repositories in DEFAULT mode.
2023-12-16T09:21:50.769-03:00  INFO 9680 --- [           main] .s.d.r.c.RepositoryConfigurationDelegate : Finished Spring Data repository scanning in 11 ms. Found 4 JPA repository interfaces.
2023-12-16T09:21:50.823-03:00  INFO 9680 --- [           main] o.hibernate.jpa.internal.util.LogHelper  : HHH000204: Processing PersistenceUnitInfo [name: default]
2023-12-16T09:21:50.827-03:00  INFO 9680 --- [           main] o.h.b.i.BytecodeProviderInitiator        : HHH000021: Bytecode provider name : bytebuddy
2023-12-16T09:21:50.828-03:00  INFO 9680 --- [           main] o.s.o.j.p.SpringPersistenceUnitInfo      : No LoadTimeWeaver setup: ignoring JPA class transformer
2023-12-16T09:21:50.828-03:00  INFO 9680 --- [           main] com.zaxxer.hikari.HikariDataSource       : HikariPool-5 - Starting...
2023-12-16T09:21:50.829-03:00  INFO 9680 --- [           main] com.zaxxer.hikari.pool.HikariPool        : HikariPool-5 - Added connection conn40: url=jdbc:h2:mem:testdb user=SA
2023-12-16T09:21:50.829-03:00  INFO 9680 --- [           main] com.zaxxer.hikari.HikariDataSource       : HikariPool-5 - Start completed.
2023-12-16T09:21:50.846-03:00  INFO 9680 --- [           main] o.h.b.i.BytecodeProviderInitiator        : HHH000021: Bytecode provider name : bytebuddy
2023-12-16T09:21:50.904-03:00  INFO 9680 --- [           main] o.h.e.t.j.p.i.JtaPlatformInitiator       : HHH000490: Using JtaPlatform implementation: [org.hibernate.engine.transaction.jta.platform.internal.NoJtaPlatform]
2023-12-16T09:21:50.908-03:00  INFO 9680 --- [           main] j.LocalContainerEntityManagerFactoryBean : Initialized JPA EntityManagerFactory for persistence unit 'default'
2023-12-16T09:21:50.966-03:00  WARN 9680 --- [           main] JpaBaseConfiguration$JpaWebConfiguration : spring.jpa.open-in-view is enabled by default. Therefore, database queries may be performed during view rendering. Explicitly configure spring.jpa.open-in-view to disable this warning
2023-12-16T09:21:51.015-03:00  INFO 9680 --- [           main] o.s.s.web.DefaultSecurityFilterChain     : Will secure any request with [org.springframework.security.web.session.DisableEncodeUrlFilter@42e73c7b, org.springframework.security.web.context.request.async.WebAsyncManagerIntegrationFilter@7c00b119, org.springframework.security.web.context.SecurityContextHolderFilter@179ed8b1, org.springframework.security.web.header.HeaderWriterFilter@36647073, org.springframework.security.web.authentication.logout.LogoutFilter@483ecce2, com.ada.SpaPetProjeto.infra.security.SecurityFilter@55acd2a8, org.springframework.security.web.savedrequest.RequestCacheAwareFilter@483fb4a4, org.springframework.security.web.servletapi.SecurityContextHolderAwareRequestFilter@5d4da238, org.springframework.security.web.authentication.AnonymousAuthenticationFilter@f3c022f, org.springframework.security.web.session.SessionManagementFilter@278a76e4, org.springframework.security.web.access.ExceptionTranslationFilter@327db066, org.springframework.security.web.access.intercept.AuthorizationFilter@4dfdfa3d]
2023-12-16T09:21:51.071-03:00  INFO 9680 --- [           main] c.a.S.SpaPetProjetoApplicationTests      : Started SpaPetProjetoApplicationTests in 0.467 seconds (process running for 15.366)
]]></system-out>
  </testcase>
</testsuite>